<?xml version="1.0" encoding="UTF-8" ?>
<testsuite tests="9" failures="0" name="codes.CalculatorClassTest" time="0.015" errors="0" skipped="0">
  <properties>
[...]
</properties>
  <testcase classname="codes.CalculatorClassTest" name="testMax" time="0.005"/>
  <testcase classname="codes.CalculatorClassTest" name="testMin" time="0"/>
  <testcase classname="codes.CalculatorClassTest" name="testSum" time="0"/>
  <testcase classname="codes.CalculatorClassTest" name="testMaxElement" time="0.004"/>
  <testcase classname="codes.CalculatorClassTest" name="testMinus" time="0"/>
  <testcase classname="codes.CalculatorClassTest" name="testMinElement" time="0.006"/>
  <testcase classname="codes.CalculatorClassTest" name="testDivide" time="0"/>
  <testcase classname="codes.CalculatorClassTest" name="testMultiply" time="0"/>
  <testcase classname="codes.CalculatorClassTest" name="testDivideWillThrowExceptionWhenDivideOnZero" time="0"/>
</testsuite>